0 info it worked if it ends with ok
1 verbose cli [ '/usr/bin/node', '/usr/local/bin/npm', 'run', 'it' ]
2 info using npm@3.10.10
3 info using node@v8.10.0
4 verbose run-script [ 'preit', 'it', 'postit' ]
5 info lifecycle adopted@1.0.91~preit: adopted@1.0.91
6 silly lifecycle adopted@1.0.91~preit: no script for preit, continuing
7 info lifecycle adopted@1.0.91~it: adopted@1.0.91
8 verbose lifecycle adopted@1.0.91~it: unsafe-perm in lifecycle true
9 verbose lifecycle adopted@1.0.91~it: PATH: /usr/local/lib/node_modules/npm/bin/node-gyp-bin:/mnt/c/Users/dcrouch/Web/adopted/node_modules/.bin:/usr/local/sbin:/usr/local/bin:/usr/sbin:/usr/bin:/sbin:/bin:/usr/games:/usr/local/games:/mnt/c/Program Files/WindowsApps/CanonicalGroupLimited.UbuntuonWindows_1804.2019.521.0_x64__79rhkp1fndgsc:/mnt/c/Program Files (x86)/Common Files/Intel/Shared Libraries/redist/intel64/compiler:/mnt/c/ProgramData/DockerDesktop/version-bin:/mnt/c/Program Files/Docker/Docker/resources/bin:/mnt/c/Windows/System32:/mnt/c/Windows:/mnt/c/Windows/System32/wbem:/mnt/c/Windows/System32/WindowsPowerShell/v1.0:/mnt/c/Program Files (x86)/ATI Technologies/ATI.ACE/Core-Static:/mnt/c/Program Files/Microsoft VS Code/bin:/mnt/c/Windows/System32/OpenSSH:/mnt/c/Program Files (x86)/PuTTY:/mnt/c/HashiCorp/Vagrant/bin:/mnt/c/Composer:/mnt/c/nodejs:/mnt/c/Program Files/Git/cmd:/snap/bin
10 verbose lifecycle adopted@1.0.91~it: CWD: /mnt/c/Users/dcrouch/Web/adopted
11 silly lifecycle adopted@1.0.91~it: Args: [ '-c', 'npm --no-git-tag-version version patch' ]
12 silly lifecycle adopted@1.0.91~it: Returned: code: 128  signal: null
13 info lifecycle adopted@1.0.91~it: Failed to exec it script
14 verbose stack Error: adopted@1.0.91 it: `npm --no-git-tag-version version patch`
14 verbose stack Exit status 128
14 verbose stack     at EventEmitter.<anonymous> (/usr/local/lib/node_modules/npm/lib/utils/lifecycle.js:255:16)
14 verbose stack     at emitTwo (events.js:126:13)
14 verbose stack     at EventEmitter.emit (events.js:214:7)
14 verbose stack     at ChildProcess.<anonymous> (/usr/local/lib/node_modules/npm/lib/utils/spawn.js:40:14)
14 verbose stack     at emitTwo (events.js:126:13)
14 verbose stack     at ChildProcess.emit (events.js:214:7)
14 verbose stack     at maybeClose (internal/child_process.js:925:16)
14 verbose stack     at Process.ChildProcess._handle.onexit (internal/child_process.js:209:5)
15 verbose pkgid adopted@1.0.91
16 verbose cwd /mnt/c/Users/dcrouch/Web/adopted
17 error Linux 4.4.0-17134-Microsoft
18 error argv "/usr/bin/node" "/usr/local/bin/npm" "run" "it"
19 error node v8.10.0
20 error npm  v3.10.10
21 error code ELIFECYCLE
22 error adopted@1.0.91 it: `npm --no-git-tag-version version patch`
22 error Exit status 128
23 error Failed at the adopted@1.0.91 it script 'npm --no-git-tag-version version patch'.
23 error Make sure you have the latest version of node.js and npm installed.
23 error If you do, this is most likely a problem with the adopted package,
23 error not with npm itself.
23 error Tell the author that this fails on your system:
23 error     npm --no-git-tag-version version patch
23 error You can get information on how to open an issue for this project with:
23 error     npm bugs adopted
23 error Or if that isn't available, you can get their info via:
23 error     npm owner ls adopted
23 error There is likely additional logging output above.
24 verbose exit [ 1, true ]
